Jan 27 04:35:44 Updated: kernel-headers-4.14.94-73.73.amzn1.x86_64
Jan 27 04:35:44 Updated: kernel-tools-4.14.94-73.73.amzn1.x86_64
Feb 08 08:14:23 Updated: glibc-common-2.17-260.175.amzn1.x86_64
Feb 08 08:14:27 Updated: glibc-2.17-260.175.amzn1.x86_64
Feb 08 08:14:27 Updated: libcom_err-1.43.5-2.43.amzn1.x86_64
Feb 08 08:14:27 Updated: 1:openssl-1.0.2k-16.146.amzn1.x86_64
Feb 08 08:14:27 Updated: krb5-libs-1.15.1-34.44.amzn1.x86_64
Feb 08 08:14:27 Updated: openldap-2.4.40-16.31.amzn1.x86_64
Feb 08 08:14:27 Updated: mysql55-libs-5.5.62-1.23.amzn1.x86_64
Feb 08 08:14:29 Updated: python36-libs-3.6.7-1.10.amzn1.x86_64
Feb 08 08:14:29 Updated: python36-3.6.7-1.10.amzn1.x86_64
Feb 08 08:14:30 Updated: python27-libs-2.7.15-1.124.amzn1.x86_64
Feb 08 08:14:30 Updated: python27-2.7.15-1.124.amzn1.x86_64
Feb 08 08:14:30 Updated: libcurl-7.61.1-7.91.amzn1.x86_64
Feb 08 08:14:30 Updated: openssh-7.4p1-16.71.amzn1.x86_64
Feb 08 08:14:30 Updated: mysql-config-5.5.62-1.23.amzn1.x86_64
Feb 08 08:14:31 Updated: mysql55-5.5.62-1.23.amzn1.x86_64
Feb 08 08:14:32 Updated: mysql55-server-5.5.62-1.23.amzn1.x86_64
Feb 08 08:14:32 Updated: python27-botocore-1.10.82-1.67.amzn1.noarch
Feb 08 08:14:32 Updated: python36-tools-3.6.7-1.10.amzn1.x86_64
Feb 08 08:14:32 Updated: libkadm5-1.15.1-34.44.amzn1.x86_64
Feb 08 08:14:33 Updated: ntpdate-4.2.8p12-1.39.amzn1.x86_64
Feb 08 08:14:33 Updated: mysql55-embedded-5.5.62-1.23.amzn1.x86_64
Feb 08 08:14:33 Updated: libcom_err-devel-1.43.5-2.43.amzn1.x86_64
Feb 08 08:14:33 Updated: krb5-devel-1.15.1-34.44.amzn1.x86_64
Feb 08 08:14:33 Updated: 1:openssl-devel-1.0.2k-16.146.amzn1.x86_64
Feb 08 08:14:33 Updated: mysql55-devel-5.5.62-1.23.amzn1.x86_64
Feb 08 08:14:33 Updated: e2fsprogs-libs-1.43.5-2.43.amzn1.x86_64
Feb 08 08:14:33 Updated: libss-1.43.5-2.43.amzn1.x86_64
Feb 08 08:14:33 Updated: libxml2-2.9.1-6.3.52.amzn1.x86_64
Feb 08 08:14:33 Installed: fuse-libs-2.9.4-1.17.amzn1.x86_64
Feb 08 08:14:34 Updated: e2fsprogs-1.43.5-2.43.amzn1.x86_64
Feb 08 08:14:35 Installed: kernel-4.14.97-74.72.amzn1.x86_64
Feb 08 08:14:35 Updated: kernel-headers-4.14.97-74.72.amzn1.x86_64
Feb 08 08:14:35 Updated: glibc-headers-2.17-260.175.amzn1.x86_64
Feb 08 08:14:35 Updated: glibc-devel-2.17-260.175.amzn1.x86_64
Feb 08 08:14:35 Updated: 2:irqbalance-1.5.0-1.27.amzn1.x86_64
Feb 08 08:14:35 Updated: cloud-init-0.7.6-2.17.amzn1.noarch
Feb 08 08:14:36 Updated: libxml2-python27-2.9.1-6.3.52.amzn1.x86_64
Feb 08 08:14:36 Updated: mysql55-embedded-devel-5.5.62-1.23.amzn1.x86_64
Feb 08 08:14:36 Updated: ntp-4.2.8p12-1.39.amzn1.x86_64
Feb 08 08:14:37 Updated: python36-test-3.6.7-1.10.amzn1.x86_64
Feb 08 08:14:38 Updated: aws-cli-1.15.83-1.49.amzn1.noarch
Feb 08 08:14:41 Updated: mysql55-test-5.5.62-1.23.amzn1.x86_64
Feb 08 08:14:42 Updated: mysql55-bench-5.5.62-1.23.amzn1.x86_64
Feb 08 08:14:42 Updated: openssh-clients-7.4p1-16.71.amzn1.x86_64
Feb 08 08:14:42 Updated: openssh-server-7.4p1-16.71.amzn1.x86_64
Feb 08 08:14:42 Updated: gnupg2-2.0.28-2.33.amzn1.x86_64
Feb 08 08:14:42 Updated: curl-7.61.1-7.91.amzn1.x86_64
Feb 08 08:14:42 Updated: aws-cfn-bootstrap-1.4-31.22.amzn1.noarch
Feb 08 08:14:42 Updated: python27-devel-2.7.15-1.124.amzn1.x86_64
Feb 08 08:14:42 Updated: python36-devel-3.6.7-1.10.amzn1.x86_64
Feb 08 08:14:43 Updated: amazon-ssm-agent-2.3.274.0-1.amzn1.x86_64
Feb 08 08:14:43 Updated: kernel-tools-4.14.97-74.72.amzn1.x86_64
Feb 10 15:01:11 Installed: libunwind-1.1-10.8.amzn1.x86_64
Feb 10 15:01:11 Installed: gperftools-libs-2.0-11.5.amzn1.x86_64
Feb 10 15:01:11 Installed: 1:nginx-1.14.1-2.34.amzn1.x86_64
Feb 10 15:24:05 Installed: htop-1.0.1-2.3.amzn1.x86_64
Feb 18 05:22:49 Installed: python27-tools-2.7.15-1.124.amzn1.x86_64
Feb 18 05:22:49 Installed: libffi-devel-3.0.13-16.5.amzn1.x86_64
Feb 18 05:22:50 Installed: augeas-libs-1.0.0-5.7.amzn1.x86_64
Mar 31 09:27:06 Updated: 1:openssl-1.0.2k-16.148.amzn1.x86_64
Mar 31 09:27:06 Updated: python36-3.6.8-1.11.amzn1.x86_64
Mar 31 09:27:09 Updated: python36-libs-3.6.8-1.11.amzn1.x86_64
Mar 31 09:27:10 Updated: python27-2.7.16-1.125.amzn1.x86_64
Mar 31 09:27:11 Updated: python27-libs-2.7.16-1.125.amzn1.x86_64
Mar 31 09:27:11 Updated: python36-tools-3.6.8-1.11.amzn1.x86_64
Mar 31 09:27:11 Updated: 4:perl-macros-5.16.3-294.43.amzn1.x86_64
Mar 31 09:27:11 Updated: 4:perl-libs-5.16.3-294.43.amzn1.x86_64
Mar 31 09:27:12 Updated: 4:perl-5.16.3-294.43.amzn1.x86_64
Mar 31 09:27:12 Updated: file-libs-5.34-3.37.amzn1.x86_64
Mar 31 09:27:12 Updated: file-5.34-3.37.amzn1.x86_64
Mar 31 09:27:12 Updated: 1:perl-Pod-Escapes-1.04-294.43.amzn1.noarch
Mar 31 09:27:14 Updated: python36-test-3.6.8-1.11.amzn1.x86_64
Mar 31 09:27:14 Updated: python27-devel-2.7.16-1.125.amzn1.x86_64
Mar 31 09:27:14 Updated: python27-tools-2.7.16-1.125.amzn1.x86_64
Mar 31 09:27:15 Updated: python36-devel-3.6.8-1.11.amzn1.x86_64
Mar 31 09:27:15 Updated: 1:openssl-devel-1.0.2k-16.148.amzn1.x86_64
Mar 31 09:27:15 Updated: kernel-tools-4.14.106-79.86.amzn1.x86_64
Mar 31 09:27:18 Updated: 1:java-1.7.0-openjdk-1.7.0.211-2.6.17.1.79.amzn1.x86_64
Mar 31 09:27:19 Updated: kernel-headers-4.14.106-79.86.amzn1.x86_64
Mar 31 09:27:20 Installed: kernel-4.14.106-79.86.amzn1.x86_64
Mar 31 09:29:25 Updated: ca-certificates-2018.2.22-65.1.20.amzn1.noarch
Mar 31 09:29:25 Updated: python27-urllib3-1.24.1-1.6.amzn1.noarch
Mar 31 09:29:26 Updated: python27-botocore-1.12.92-2.69.amzn1.noarch
Mar 31 09:29:27 Updated: aws-cli-1.16.102-1.50.amzn1.noarch
Mar 31 09:29:27 Updated: perl-Getopt-Long-2.40-3.6.amzn1.noarch
